2021-06-12 08:37:20:245  [TID      13600][INFO    ] Default Logger initialized [dmvcframework]
2021-06-12 08:37:20:245  [TID      13600][INFO    ] Server started on port 8000 [dmvcframework]
2021-06-12 08:39:01:975  [TID       6044][INFO    ] ENTER: Config default values [dmvcframework]
2021-06-12 08:39:01:975  [TID       6044][INFO    ] EXIT: Config default values [dmvcframework]
2021-06-12 08:39:01:975  [TID       6044][INFO    ] >> Custom configuration method [dmvcframework]
2021-06-12 08:39:01:976  [TID       6044][INFO    ] << Custom configuration method [dmvcframework]
2021-06-12 08:39:01:976  [TID       6044][INFO    ] ENTER: LoadSystemControllers [dmvcframework]
2021-06-12 08:39:01:976  [TID       6044][INFO    ] EXIT: LoadSystemControllers [dmvcframework]
2021-06-12 08:40:59:516  [TID      20788][INFO    ] ENTER: Config default values [dmvcframework]
2021-06-12 08:40:59:516  [TID      20788][INFO    ] EXIT: Config default values [dmvcframework]
2021-06-12 08:40:59:516  [TID      20788][INFO    ] >> Custom configuration method [dmvcframework]
2021-06-12 08:40:59:516  [TID      20788][INFO    ] << Custom configuration method [dmvcframework]
2021-06-12 08:40:59:516  [TID      20788][INFO    ] ENTER: LoadSystemControllers [dmvcframework]
2021-06-12 08:40:59:516  [TID      20788][INFO    ] EXIT: LoadSystemControllers [dmvcframework]
2021-06-12 08:41:39:947  [TID      13552][INFO    ] ENTER: Config default values [dmvcframework]
2021-06-12 08:41:39:947  [TID      13552][INFO    ] EXIT: Config default values [dmvcframework]
2021-06-12 08:41:39:947  [TID      13552][INFO    ] >> Custom configuration method [dmvcframework]
2021-06-12 08:41:39:947  [TID      13552][INFO    ] << Custom configuration method [dmvcframework]
2021-06-12 08:41:39:947  [TID      13552][INFO    ] ENTER: LoadSystemControllers [dmvcframework]
2021-06-12 08:41:39:947  [TID      13552][INFO    ] EXIT: LoadSystemControllers [dmvcframework]
2021-06-12 08:49:38:254  [TID       6968][INFO    ] Default Logger initialized [dmvcframework]
2021-06-12 08:49:38:268  [TID       6968][INFO    ] Server started on port 8000 [dmvcframework]
2021-06-12 08:49:54:337  [TID      10148][INFO    ] ENTER: Config default values [dmvcframework]
2021-06-12 08:49:54:337  [TID      10148][INFO    ] EXIT: Config default values [dmvcframework]
2021-06-12 08:49:54:337  [TID      10148][INFO    ] >> Custom configuration method [dmvcframework]
2021-06-12 08:49:54:337  [TID      10148][INFO    ] << Custom configuration method [dmvcframework]
2021-06-12 08:49:54:338  [TID      10148][INFO    ] ENTER: LoadSystemControllers [dmvcframework]
2021-06-12 08:49:54:338  [TID      10148][INFO    ] EXIT: LoadSystemControllers [dmvcframework]
2021-06-12 08:49:54:342  [TID      10148][INFO    ] SmsMessageSid=SMe28ea1ac5d948d06670f6f96260ae670&NumMedia=0&ProfileName=Brunoo&SmsSid=SMe28ea1ac5d948d06670f6f96260ae670&WaId=556292861675&SmsStatus=received&Body=hi&To=whatsapp%3A%2B14155238886&NumSegments=1&MessageSid=SMe28ea1ac5d948d06670f6f96260ae670&AccountSid=AC480b513b704664d9c32bec08a42fb2fe&From=whatsapp%3A%2B556292861675&ApiVersion=2010-04-01 [dmvcframework]
2021-06-12 08:49:54:342  [TID      10148][INFO    ] POST:/api/messages/receive [0:0:0:0:0:0:0:1] -> Controller.Messages.TControllerMessages.Receive - 200 OK [dmvcframework]
2021-06-12 08:54:26:975  [TID      17004][INFO    ] Default Logger initialized [dmvcframework]
2021-06-12 08:54:26:999  [TID      17004][INFO    ] Server started on port 8000 [dmvcframework]
2021-06-12 08:54:41:254  [TID       4480][INFO    ] ENTER: Config default values [dmvcframework]
2021-06-12 08:54:41:255  [TID       4480][INFO    ] EXIT: Config default values [dmvcframework]
2021-06-12 08:54:41:255  [TID       4480][INFO    ] >> Custom configuration method [dmvcframework]
2021-06-12 08:54:41:255  [TID       4480][INFO    ] << Custom configuration method [dmvcframework]
2021-06-12 08:54:41:255  [TID       4480][INFO    ] ENTER: LoadSystemControllers [dmvcframework]
2021-06-12 08:54:41:255  [TID       4480][INFO    ] EXIT: LoadSystemControllers [dmvcframework]
2021-06-12 08:54:41:261  [TID       4480][INFO    ] SmsMessageSid=SM2bc9e969bcc164813e5904fc335838c8&NumMedia=0&ProfileName=Brunoo&SmsSid=SM2bc9e969bcc164813e5904fc335838c8&WaId=556292861675&SmsStatus=received&Body=asd&To=whatsapp%3A%2B14155238886&NumSegments=1&MessageSid=SM2bc9e969bcc164813e5904fc335838c8&AccountSid=AC480b513b704664d9c32bec08a42fb2fe&From=whatsapp%3A%2B556292861675&ApiVersion=2010-04-01 [dmvcframework]
2021-06-12 08:54:41:261  [TID       4480][INFO    ] POST:/api/messages/receive [0:0:0:0:0:0:0:1] -> Controller.Messages.TControllerMessages.Receive - 200 OK [dmvcframework]
2021-06-12 09:06:03:257  [TID       4940][INFO    ] Default Logger initialized [dmvcframework]
2021-06-12 09:06:03:280  [TID       4940][INFO    ] Server started on port 8000 [dmvcframework]
2021-06-12 09:06:09:163  [TID      23380][INFO    ] ENTER: Config default values [dmvcframework]
2021-06-12 09:06:09:163  [TID      23380][INFO    ] EXIT: Config default values [dmvcframework]
2021-06-12 09:06:09:163  [TID      23380][INFO    ] >> Custom configuration method [dmvcframework]
2021-06-12 09:06:09:163  [TID      23380][INFO    ] << Custom configuration method [dmvcframework]
2021-06-12 09:06:09:163  [TID      23380][INFO    ] ENTER: LoadSystemControllers [dmvcframework]
2021-06-12 09:06:09:163  [TID      23380][INFO    ] EXIT: LoadSystemControllers [dmvcframework]
2021-06-12 09:06:09:168  [TID      23380][INFO    ] SmsMessageSid=SMeed03c8eda944fda11bb8d39b27df32c&NumMedia=0&ProfileName=Brunoo&SmsSid=SMeed03c8eda944fda11bb8d39b27df32c&WaId=556292861675&SmsStatus=received&Body=hey&To=whatsapp%3A%2B14155238886&NumSegments=1&MessageSid=SMeed03c8eda944fda11bb8d39b27df32c&AccountSid=AC480b513b704664d9c32bec08a42fb2fe&From=whatsapp%3A%2B556292861675&ApiVersion=2010-04-01 [dmvcframework]
2021-06-12 09:06:09:168  [TID      23380][INFO    ] POST:/api/messages/receive [0:0:0:0:0:0:0:1] -> Controller.Messages.TControllerMessages.Receive - 200 OK [dmvcframework]
2021-06-12 09:07:47:692  [TID       6692][INFO    ] POST:/api/messages/receive/ [0:0:0:0:0:0:0:1] -> {NOT FOUND} - 404 Not Found [dmvcframework]
2021-06-12 09:07:57:100  [TID       6692][ERROR   ] [EMVCException] Not Found (Custom message: "POST /api/messages/receive/") [dmvcframework]
2021-06-12 09:26:05:180  [TID       6840][INFO    ] Default Logger initialized [dmvcframework]
2021-06-12 09:26:05:180  [TID       6840][INFO    ] Server started on port 8000 [dmvcframework]
2021-06-12 09:27:38:731  [TID      22388][INFO    ] ENTER: Config default values [dmvcframework]
2021-06-12 09:27:38:732  [TID      22388][INFO    ] EXIT: Config default values [dmvcframework]
2021-06-12 09:27:38:732  [TID      22388][INFO    ] >> Custom configuration method [dmvcframework]
2021-06-12 09:27:38:732  [TID      22388][INFO    ] << Custom configuration method [dmvcframework]
2021-06-12 09:27:38:732  [TID      22388][INFO    ] ENTER: LoadSystemControllers [dmvcframework]
2021-06-12 09:27:38:732  [TID      22388][INFO    ] EXIT: LoadSystemControllers [dmvcframework]
2021-06-12 09:27:38:733  [TID      22388][INFO    ] GET:/api/messages/receive [0:0:0:0:0:0:0:1] -> {NOT FOUND} - 404 Not Found [dmvcframework]
2021-06-12 09:27:44:656  [TID      22388][ERROR   ] [EMVCException] Not Found (Custom message: "GET /api/messages/receive") [dmvcframework]
2021-06-12 09:28:44:082  [TID       8608][INFO    ] Default Logger initialized [dmvcframework]
2021-06-12 09:28:44:082  [TID       8608][INFO    ] Server started on port 8000 [dmvcframework]
2021-06-12 09:29:16:099  [TID      21776][INFO    ] ENTER: Config default values [dmvcframework]
2021-06-12 09:29:16:099  [TID      21776][INFO    ] EXIT: Config default values [dmvcframework]
2021-06-12 09:29:16:099  [TID      21776][INFO    ] >> Custom configuration method [dmvcframework]
2021-06-12 09:29:16:099  [TID      21776][INFO    ] << Custom configuration method [dmvcframework]
2021-06-12 09:29:16:099  [TID      21776][INFO    ] ENTER: LoadSystemControllers [dmvcframework]
2021-06-12 09:29:16:099  [TID      21776][INFO    ] EXIT: LoadSystemControllers [dmvcframework]
2021-06-12 09:29:16:103  [TID      21776][INFO    ] SmsMessageSid=SMda1832674af589c2476de5c269d35386&NumMedia=0&ProfileName=Brunoo&SmsSid=SMda1832674af589c2476de5c269d35386&WaId=556292861675&SmsStatus=received&Body=https%3A%2F%2Fc0a0c970b6d4.ngrok.io%2Fapi%2Fmessages%2Freceive&To=whatsapp%3A%2B14155238886&NumSegments=1&MessageSid=SMda1832674af589c2476de5c269d35386&AccountSid=AC480b513b704664d9c32bec08a42fb2fe&From=whatsapp%3A%2B556292861675&ApiVersion=2010-04-01 [dmvcframework]
2021-06-12 09:29:16:103  [TID      21776][INFO    ] POST:/api/messages/receive [0:0:0:0:0:0:0:1] -> Controller.Messages.TControllerMessages.Receive - 200 OK [dmvcframework]
2021-06-12 09:29:47:908  [TID      10132][INFO    ] SmsMessageSid=SMf47cc8518dacabd47a8255ed2d86af2b&NumMedia=0&ProfileName=Brunoo&SmsSid=SMf47cc8518dacabd47a8255ed2d86af2b&WaId=556292861675&SmsStatus=received&Body=OldCreateOrder+%3D+True&To=whatsapp%3A%2B14155238886&NumSegments=1&MessageSid=SMf47cc8518dacabd47a8255ed2d86af2b&AccountSid=AC480b513b704664d9c32bec08a42fb2fe&From=whatsapp%3A%2B556292861675&ApiVersion=2010-04-01 [dmvcframework]
2021-06-12 09:29:47:908  [TID      10132][INFO    ] POST:/api/messages/receive [0:0:0:0:0:0:0:1] -> Controller.Messages.TControllerMessages.Receive - 200 OK [dmvcframework]
2021-06-12 09:30:08:729  [TID       8132][INFO    ] SmsMessageSid=SM37717b68981becb9ee87682ee9b18d66&NumMedia=0&ProfileName=Brunoo&SmsSid=SM37717b68981becb9ee87682ee9b18d66&WaId=556292861675&SmsStatus=received&Body=teste&To=whatsapp%3A%2B14155238886&NumSegments=1&MessageSid=SM37717b68981becb9ee87682ee9b18d66&AccountSid=AC480b513b704664d9c32bec08a42fb2fe&From=whatsapp%3A%2B556292861675&ApiVersion=2010-04-01 [dmvcframework]
2021-06-12 09:30:08:729  [TID       8132][INFO    ] POST:/api/messages/receive [0:0:0:0:0:0:0:1] -> Controller.Messages.TControllerMessages.Receive - 200 OK [dmvcframework]
2021-06-12 09:31:14:386  [TID       5316][INFO    ] SmsMessageSid=SMbb4c3a4cc498331ee5596ed79e15e768&NumMedia=0&ProfileName=Brunoo&SmsSid=SMbb4c3a4cc498331ee5596ed79e15e768&WaId=556292861675&SmsStatus=received&Body=teste&To=whatsapp%3A%2B14155238886&NumSegments=1&MessageSid=SMbb4c3a4cc498331ee5596ed79e15e768&AccountSid=AC480b513b704664d9c32bec08a42fb2fe&From=whatsapp%3A%2B556292861675&ApiVersion=2010-04-01 [dmvcframework]
2021-06-12 09:31:14:386  [TID       5316][INFO    ] POST:/api/messages/receive [0:0:0:0:0:0:0:1] -> Controller.Messages.TControllerMessages.Receive - 200 OK [dmvcframework]
2021-06-12 09:32:57:708  [TID      12452][INFO    ] Default Logger initialized [dmvcframework]
2021-06-12 09:32:57:729  [TID      12452][INFO    ] Server started on port 8000 [dmvcframework]
2021-06-12 09:33:03:103  [TID      12472][INFO    ] ENTER: Config default values [dmvcframework]
2021-06-12 09:33:03:103  [TID      12472][INFO    ] EXIT: Config default values [dmvcframework]
2021-06-12 09:33:03:103  [TID      12472][INFO    ] >> Custom configuration method [dmvcframework]
2021-06-12 09:33:03:103  [TID      12472][INFO    ] << Custom configuration method [dmvcframework]
2021-06-12 09:33:03:104  [TID      12472][INFO    ] ENTER: LoadSystemControllers [dmvcframework]
2021-06-12 09:33:03:104  [TID      12472][INFO    ] EXIT: LoadSystemControllers [dmvcframework]
2021-06-12 09:33:03:108  [TID      12472][INFO    ] SmsMessageSid=SM6663230b9fe01619bb2a9d4aab087b58&NumMedia=0&ProfileName=Brunoo&SmsSid=SM6663230b9fe01619bb2a9d4aab087b58&WaId=556292861675&SmsStatus=received&Body=sad&To=whatsapp%3A%2B14155238886&NumSegments=1&MessageSid=SM6663230b9fe01619bb2a9d4aab087b58&AccountSid=AC480b513b704664d9c32bec08a42fb2fe&From=whatsapp%3A%2B556292861675&ApiVersion=2010-04-01 [dmvcframework]
2021-06-12 09:33:03:108  [TID      12472][INFO    ] POST:/api/messages/receive [0:0:0:0:0:0:0:1] -> Controller.Messages.TControllerMessages.Receive - 200 OK [dmvcframework]
2021-06-12 09:38:59:056  [TID       9860][INFO    ] Default Logger initialized [dmvcframework]
2021-06-12 09:38:59:082  [TID       9860][INFO    ] Server started on port 8000 [dmvcframework]
2021-06-12 09:39:15:772  [TID      18192][INFO    ] ENTER: Config default values [dmvcframework]
2021-06-12 09:39:15:773  [TID      18192][INFO    ] EXIT: Config default values [dmvcframework]
2021-06-12 09:39:15:773  [TID      18192][INFO    ] >> Custom configuration method [dmvcframework]
2021-06-12 09:39:15:773  [TID      18192][INFO    ] << Custom configuration method [dmvcframework]
2021-06-12 09:39:15:773  [TID      18192][INFO    ] ENTER: LoadSystemControllers [dmvcframework]
2021-06-12 09:39:15:773  [TID      18192][INFO    ] EXIT: LoadSystemControllers [dmvcframework]
2021-06-12 09:39:15:777  [TID      18192][INFO    ] SmsMessageSid=SMbc8b584202500cda1392bc0d72a15efd&NumMedia=0&ProfileName=Brunoo&SmsSid=SMbc8b584202500cda1392bc0d72a15efd&WaId=556292861675&SmsStatus=received&Body=tes&To=whatsapp%3A%2B14155238886&NumSegments=1&MessageSid=SMbc8b584202500cda1392bc0d72a15efd&AccountSid=AC480b513b704664d9c32bec08a42fb2fe&From=whatsapp%3A%2B556292861675&ApiVersion=2010-04-01 [dmvcframework]
2021-06-12 09:39:15:777  [TID      18192][INFO    ] POST:/api/messages/receive [0:0:0:0:0:0:0:1] -> Controller.Messages.TControllerMessages.Receive - 200 OK [dmvcframework]
2021-06-12 09:44:09:811  [TID       3280][INFO    ] SmsMessageSid=SM2702038e89b6e1b3b9777d5493f8ee27&NumMedia=0&ProfileName=Brunoo&SmsSid=SM2702038e89b6e1b3b9777d5493f8ee27&WaId=556292861675&SmsStatus=received&Body=test&To=whatsapp%3A%2B14155238886&NumSegments=1&MessageSid=SM2702038e89b6e1b3b9777d5493f8ee27&AccountSid=AC480b513b704664d9c32bec08a42fb2fe&From=whatsapp%3A%2B556292861675&ApiVersion=2010-04-01 [dmvcframework]
2021-06-12 09:44:09:811  [TID       3280][INFO    ] POST:/api/messages/receive [0:0:0:0:0:0:0:1] -> Controller.Messages.TControllerMessages.Receive - 200 OK [dmvcframework]
2021-06-12 09:44:17:864  [TID      14576][INFO    ]  [dmvcframework]
2021-06-12 09:44:17:864  [TID      14576][INFO    ] POST:/api/messages/receive [0:0:0:0:0:0:0:1] -> Controller.Messages.TControllerMessages.Receive - 200 OK [dmvcframework]
2021-06-12 09:46:34:145  [TID      18000][INFO    ] b=asdasd [dmvcframework]
2021-06-12 09:46:34:145  [TID      18000][INFO    ] POST:/api/messages/receive [0:0:0:0:0:0:0:1] -> Controller.Messages.TControllerMessages.Receive - 200 OK [dmvcframework]
2021-06-12 09:56:43:188  [TID      12416][INFO    ] asdasdasdasdasdasdasdasdasdasd   [dmvcframework]
2021-06-12 09:56:43:188  [TID      12416][INFO    ] POST:/api/messages/receive [0:0:0:0:0:0:0:1] -> Controller.Messages.TControllerMessages.Receive - 200 OK [dmvcframework]
2021-06-12 10:24:45:594  [TID      17612][INFO    ] Default Logger initialized [dmvcframework]
2021-06-12 10:24:45:616  [TID      17612][INFO    ] Server started on port 8000 [dmvcframework]
2021-06-12 10:25:04:190  [TID      22152][INFO    ] ENTER: Config default values [dmvcframework]
2021-06-12 10:25:04:191  [TID      22152][INFO    ] EXIT: Config default values [dmvcframework]
2021-06-12 10:25:04:191  [TID      22152][INFO    ] >> Custom configuration method [dmvcframework]
2021-06-12 10:25:04:191  [TID      22152][INFO    ] << Custom configuration method [dmvcframework]
2021-06-12 10:25:04:191  [TID      22152][INFO    ] ENTER: LoadSystemControllers [dmvcframework]
2021-06-12 10:25:04:191  [TID      22152][INFO    ] EXIT: LoadSystemControllers [dmvcframework]
2021-06-12 10:25:04:194  [TID      22152][INFO    ] SmsMessageSid=SM611c2ffcf7ec394476e77f029224940a&NumMedia=0&ProfileName=Brunoo&SmsSid=SM611c2ffcf7ec394476e77f029224940a&WaId=556292861675&SmsStatus=received&Body=hey&To=whatsapp%3A%2B14155238886&NumSegments=1&MessageSid=SM611c2ffcf7ec394476e77f029224940a&AccountSid=AC480b513b704664d9c32bec08a42fb2fe&From=whatsapp%3A%2B556292861675&ApiVersion=2010-04-01 [dmvcframework]
2021-06-12 10:25:04:194  [TID      22152][INFO    ] POST:/api/messages/receive [0:0:0:0:0:0:0:1] -> Controller.Messages.TControllerMessages.Receive - 200 OK [dmvcframework]
2021-06-12 10:25:33:428  [TID      22044][INFO    ] Default Logger initialized [dmvcframework]
2021-06-12 10:25:33:428  [TID      22044][INFO    ] Server started on port 8000 [dmvcframework]
2021-06-12 10:26:10:149  [TID      10716][INFO    ] ENTER: Config default values [dmvcframework]
2021-06-12 10:26:10:149  [TID      10716][INFO    ] EXIT: Config default values [dmvcframework]
2021-06-12 10:26:10:149  [TID      10716][INFO    ] >> Custom configuration method [dmvcframework]
2021-06-12 10:26:10:149  [TID      10716][INFO    ] << Custom configuration method [dmvcframework]
2021-06-12 10:26:10:149  [TID      10716][INFO    ] ENTER: LoadSystemControllers [dmvcframework]
2021-06-12 10:26:10:149  [TID      10716][INFO    ] EXIT: LoadSystemControllers [dmvcframework]
2021-06-12 10:26:10:151  [TID      10716][INFO    ] POST:/api/messages/receive [0:0:0:0:0:0:0:1] -> {NOT FOUND} - 404 Not Found [dmvcframework]
2021-06-12 10:26:13:565  [TID      10716][ERROR   ] [EMVCException] Not Found (Custom message: "POST /api/messages/receive") [dmvcframework]
2021-06-12 10:26:37:675  [TID      22960][INFO    ] SmsMessageSid=SM4a7a73126126396769099d41acd270ed&NumMedia=0&ProfileName=Brunoo&SmsSid=SM4a7a73126126396769099d41acd270ed&WaId=556292861675&SmsStatus=received&Body=asdasdadsaddd&To=whatsapp%3A%2B14155238886&NumSegments=1&MessageSid=SM4a7a73126126396769099d41acd270ed&AccountSid=AC480b513b704664d9c32bec08a42fb2fe&From=whatsapp%3A%2B556292861675&ApiVersion=2010-04-01 [dmvcframework]
2021-06-12 10:26:37:675  [TID      22960][INFO    ] POST:/api/messages/receives [0:0:0:0:0:0:0:1] -> Controller.Messages.TControllerMessages.Receive - 200 OK [dmvcframework]
2021-06-12 10:27:19:725  [TID      19076][INFO    ] SmsMessageSid=SMf77deaf66f6ddc5a61672d08c3c33dde&NumMedia=0&ProfileName=Brunoo&SmsSid=SMf77deaf66f6ddc5a61672d08c3c33dde&WaId=556292861675&SmsStatus=received&Body=asd&To=whatsapp%3A%2B14155238886&NumSegments=1&MessageSid=SMf77deaf66f6ddc5a61672d08c3c33dde&AccountSid=AC480b513b704664d9c32bec08a42fb2fe&From=whatsapp%3A%2B556292861675&ApiVersion=2010-04-01 [dmvcframework]
2021-06-12 10:27:19:725  [TID      19076][INFO    ] POST:/api/messages/receives [0:0:0:0:0:0:0:1] -> Controller.Messages.TControllerMessages.Receive - 200 OK [dmvcframework]
2021-06-12 10:29:15:553  [TID      15504][INFO    ] SmsMessageSid=SMb72966b74b83001b706ebce5b87db109&NumMedia=0&ProfileName=Brunoo&SmsSid=SMb72966b74b83001b706ebce5b87db109&WaId=556292861675&SmsStatus=received&Body=asdasdas&To=whatsapp%3A%2B14155238886&NumSegments=1&MessageSid=SMb72966b74b83001b706ebce5b87db109&AccountSid=AC480b513b704664d9c32bec08a42fb2fe&From=whatsapp%3A%2B556292861675&ApiVersion=2010-04-01 [dmvcframework]
2021-06-12 10:29:21:919  [TID      15504][INFO    ] POST:/api/messages/receives [0:0:0:0:0:0:0:1] -> Controller.Messages.TControllerMessages.Receive - 200 OK [dmvcframework]
2021-06-12 10:29:47:470  [TID       5344][INFO    ] Default Logger initialized [dmvcframework]
2021-06-12 10:29:47:498  [TID       5344][INFO    ] Server started on port 8000 [dmvcframework]
2021-06-12 10:29:52:462  [TID       4768][INFO    ] ENTER: Config default values [dmvcframework]
2021-06-12 10:29:52:462  [TID       4768][INFO    ] EXIT: Config default values [dmvcframework]
2021-06-12 10:29:52:462  [TID       4768][INFO    ] >> Custom configuration method [dmvcframework]
2021-06-12 10:29:52:462  [TID       4768][INFO    ] << Custom configuration method [dmvcframework]
2021-06-12 10:29:52:462  [TID       4768][INFO    ] ENTER: LoadSystemControllers [dmvcframework]
2021-06-12 10:29:52:462  [TID       4768][INFO    ] EXIT: LoadSystemControllers [dmvcframework]
2021-06-12 10:29:52:466  [TID       4768][INFO    ] SmsMessageSid=SM21c7990df0a9a2b7afc18cdb972355a3&NumMedia=0&ProfileName=Brunoo&SmsSid=SM21c7990df0a9a2b7afc18cdb972355a3&WaId=556292861675&SmsStatus=received&Body=das&To=whatsapp%3A%2B14155238886&NumSegments=1&MessageSid=SM21c7990df0a9a2b7afc18cdb972355a3&AccountSid=AC480b513b704664d9c32bec08a42fb2fe&From=whatsapp%3A%2B556292861675&ApiVersion=2010-04-01 [dmvcframework]
2021-06-12 10:29:52:466  [TID       4768][INFO    ] POST:/api/messages/receives [0:0:0:0:0:0:0:1] -> Controller.Messages.TControllerMessages.Receive - 200 OK [dmvcframework]
2021-06-12 10:30:04:789  [TID      23648][INFO    ] SmsMessageSid=SM248a607eab735f5c89c45fc4f700ae7a&NumMedia=0&ProfileName=Brunoo&SmsSid=SM248a607eab735f5c89c45fc4f700ae7a&WaId=556292861675&SmsStatus=received&Body=fasdasf&To=whatsapp%3A%2B14155238886&NumSegments=1&MessageSid=SM248a607eab735f5c89c45fc4f700ae7a&AccountSid=AC480b513b704664d9c32bec08a42fb2fe&From=whatsapp%3A%2B556292861675&ApiVersion=2010-04-01 [dmvcframework]
2021-06-12 10:30:04:789  [TID      23648][INFO    ] POST:/api/messages/receives [0:0:0:0:0:0:0:1] -> Controller.Messages.TControllerMessages.Receive - 200 OK [dmvcframework]
2021-06-12 10:31:58:762  [TID      18476][INFO    ] Default Logger initialized [dmvcframework]
2021-06-12 10:31:58:763  [TID      18476][INFO    ] Server started on port 8000 [dmvcframework]
2021-06-12 10:32:06:310  [TID      17500][INFO    ] ENTER: Config default values [dmvcframework]
2021-06-12 10:32:06:310  [TID      17500][INFO    ] EXIT: Config default values [dmvcframework]
2021-06-12 10:32:06:310  [TID      17500][INFO    ] >> Custom configuration method [dmvcframework]
2021-06-12 10:32:06:310  [TID      17500][INFO    ] << Custom configuration method [dmvcframework]
2021-06-12 10:32:06:310  [TID      17500][INFO    ] ENTER: LoadSystemControllers [dmvcframework]
2021-06-12 10:32:06:310  [TID      17500][INFO    ] EXIT: LoadSystemControllers [dmvcframework]
2021-06-12 10:32:54:028  [TID      24308][INFO    ] Default Logger initialized [dmvcframework]
2021-06-12 10:32:54:028  [TID      24308][INFO    ] Server started on port 8000 [dmvcframework]
2021-06-12 10:33:01:732  [TID       9604][INFO    ] ENTER: Config default values [dmvcframework]
2021-06-12 10:33:01:732  [TID       9604][INFO    ] EXIT: Config default values [dmvcframework]
2021-06-12 10:33:01:733  [TID       9604][INFO    ] >> Custom configuration method [dmvcframework]
2021-06-12 10:33:01:733  [TID       9604][INFO    ] << Custom configuration method [dmvcframework]
2021-06-12 10:33:01:733  [TID       9604][INFO    ] ENTER: LoadSystemControllers [dmvcframework]
2021-06-12 10:33:01:733  [TID       9604][INFO    ] EXIT: LoadSystemControllers [dmvcframework]
2021-06-12 10:33:12:145  [TID       9604][INFO    ] POST:/api/messages/receives [0:0:0:0:0:0:0:1] -> Controller.Messages.TControllerMessages.Receive - 200 OK [dmvcframework]
2021-06-12 10:33:27:700  [TID       7572][INFO    ] Default Logger initialized [dmvcframework]
2021-06-12 10:33:27:700  [TID       7572][INFO    ] Server started on port 8000 [dmvcframework]
2021-06-12 10:33:35:001  [TID      16724][INFO    ] ENTER: Config default values [dmvcframework]
2021-06-12 10:33:35:001  [TID      16724][INFO    ] EXIT: Config default values [dmvcframework]
2021-06-12 10:33:35:001  [TID      16724][INFO    ] >> Custom configuration method [dmvcframework]
2021-06-12 10:33:35:001  [TID      16724][INFO    ] << Custom configuration method [dmvcframework]
2021-06-12 10:33:35:001  [TID      16724][INFO    ] ENTER: LoadSystemControllers [dmvcframework]
2021-06-12 10:33:35:001  [TID      16724][INFO    ] EXIT: LoadSystemControllers [dmvcframework]
2021-06-12 10:33:38:183  [TID      16724][INFO    ] POST:/api/messages/receives [0:0:0:0:0:0:0:1] -> Controller.Messages.TControllerMessages.Receive - 200 OK [dmvcframework]
2021-06-12 10:35:16:683  [TID       5068][INFO    ] Default Logger initialized [dmvcframework]
2021-06-12 10:35:16:698  [TID       5068][INFO    ] Server started on port 8000 [dmvcframework]
2021-06-12 10:35:21:433  [TID      12528][INFO    ] ENTER: Config default values [dmvcframework]
2021-06-12 10:35:21:434  [TID      12528][INFO    ] EXIT: Config default values [dmvcframework]
2021-06-12 10:35:21:435  [TID      12528][INFO    ] >> Custom configuration method [dmvcframework]
2021-06-12 10:35:21:436  [TID      12528][INFO    ] << Custom configuration method [dmvcframework]
2021-06-12 10:35:21:436  [TID      12528][INFO    ] ENTER: LoadSystemControllers [dmvcframework]
2021-06-12 10:35:21:436  [TID      12528][INFO    ] EXIT: LoadSystemControllers [dmvcframework]
2021-06-12 10:35:21:442  [TID      12528][INFO    ] POST:/api/messages/receive [0:0:0:0:0:0:0:1] -> Controller.Messages.TControllerMessages.Receive - 200 OK [dmvcframework]
2021-06-12 10:41:37:563  [TID      15996][INFO    ] Default Logger initialized [dmvcframework]
2021-06-12 10:41:37:563  [TID      15996][INFO    ] Server started on port 8000 [dmvcframework]
2021-06-12 10:42:37:015  [TID      22704][INFO    ] Default Logger initialized [dmvcframework]
2021-06-12 10:42:37:015  [TID      22704][INFO    ] Server started on port 8000 [dmvcframework]
2021-06-12 10:44:02:956  [TID       6764][INFO    ] ENTER: Config default values [dmvcframework]
2021-06-12 10:44:02:956  [TID       6764][INFO    ] EXIT: Config default values [dmvcframework]
2021-06-12 10:44:02:956  [TID       6764][INFO    ] >> Custom configuration method [dmvcframework]
2021-06-12 10:44:02:956  [TID       6764][INFO    ] << Custom configuration method [dmvcframework]
2021-06-12 10:44:02:956  [TID       6764][INFO    ] ENTER: LoadSystemControllers [dmvcframework]
2021-06-12 10:44:02:956  [TID       6764][INFO    ] EXIT: LoadSystemControllers [dmvcframework]
2021-06-12 10:45:44:154  [TID      12340][INFO    ] Default Logger initialized [dmvcframework]
2021-06-12 10:45:44:154  [TID      12340][INFO    ] Server started on port 8000 [dmvcframework]
2021-06-12 10:46:06:649  [TID      17456][INFO    ] ENTER: Config default values [dmvcframework]
2021-06-12 10:46:06:649  [TID      17456][INFO    ] EXIT: Config default values [dmvcframework]
2021-06-12 10:46:06:649  [TID      17456][INFO    ] >> Custom configuration method [dmvcframework]
2021-06-12 10:46:06:649  [TID      17456][INFO    ] << Custom configuration method [dmvcframework]
2021-06-12 10:46:06:649  [TID      17456][INFO    ] ENTER: LoadSystemControllers [dmvcframework]
2021-06-12 10:46:06:649  [TID      17456][INFO    ] EXIT: LoadSystemControllers [dmvcframework]
2021-06-12 10:46:08:321  [TID      17456][INFO    ] POST:/api/messages/receive [0:0:0:0:0:0:0:1] -> Controller.Messages.TControllerMessages.Receive - 200 OK [dmvcframework]
2021-06-12 11:04:08:195  [TID      19076][INFO    ] Default Logger initialized [dmvcframework]
2021-06-12 11:04:08:219  [TID      19076][INFO    ] Server started on port 8000 [dmvcframework]
2021-06-12 11:04:18:586  [TID      19680][INFO    ] ENTER: Config default values [dmvcframework]
2021-06-12 11:04:18:586  [TID      19680][INFO    ] EXIT: Config default values [dmvcframework]
2021-06-12 11:04:18:586  [TID      19680][INFO    ] >> Custom configuration method [dmvcframework]
2021-06-12 11:04:18:586  [TID      19680][INFO    ] << Custom configuration method [dmvcframework]
2021-06-12 11:04:18:587  [TID      19680][INFO    ] ENTER: LoadSystemControllers [dmvcframework]
2021-06-12 11:04:18:587  [TID      19680][INFO    ] EXIT: LoadSystemControllers [dmvcframework]
2021-06-12 11:04:20:195  [TID      19680][INFO    ] POST:/api/messages/receive [0:0:0:0:0:0:0:1] -> Controller.Messages.TControllerMessages.Receive - 200 OK [dmvcframework]
2021-06-12 11:04:51:301  [TID       5500][INFO    ] POST:/api/messages/receive [0:0:0:0:0:0:0:1] -> Controller.Messages.TControllerMessages.Receive - 200 OK [dmvcframework]
2021-06-12 11:05:01:670  [TID       7820][INFO    ] POST:/api/messages/receive [0:0:0:0:0:0:0:1] -> Controller.Messages.TControllerMessages.Receive - 200 OK [dmvcframework]
2021-06-13 11:34:54:438  [TID      23176][INFO    ] Default Logger initialized [dmvcframework]
2021-06-13 11:34:54:468  [TID      23176][INFO    ] Server started on port 8000 [dmvcframework]
2021-06-13 12:23:04:441  [TID      13512][INFO    ] ENTER: Config default values [dmvcframework]
2021-06-13 12:23:04:441  [TID      13512][INFO    ] EXIT: Config default values [dmvcframework]
2021-06-13 12:23:04:441  [TID      13512][INFO    ] >> Custom configuration method [dmvcframework]
2021-06-13 12:23:04:441  [TID      13512][INFO    ] << Custom configuration method [dmvcframework]
2021-06-13 12:23:04:444  [TID      13512][INFO    ] ENTER: LoadSystemControllers [dmvcframework]
2021-06-13 12:23:04:444  [TID      13512][INFO    ] EXIT: LoadSystemControllers [dmvcframework]
2021-06-13 12:23:07:158  [TID      13512][INFO    ] POST:/api/messages/receive [0:0:0:0:0:0:0:1] -> Controller.Messages.TControllerMessages.Receive - 200 OK [dmvcframework]
2021-06-13 12:23:27:463  [TID       6768][INFO    ] POST:/api/messages/receive [0:0:0:0:0:0:0:1] -> Controller.Messages.TControllerMessages.Receive - 200 OK [dmvcframework]
